mode: set
github.com/oucema001/ProxyScrapper/proxy/checker.go:17.49,32.13 6 0
github.com/oucema001/ProxyScrapper/proxy/checker.go:35.2,37.12 3 0
github.com/oucema001/ProxyScrapper/proxy/checker.go:32.13,34.3 1 0
github.com/oucema001/ProxyScrapper/proxy/proxy.go:29.38,33.18 2 0
github.com/oucema001/ProxyScrapper/proxy/proxy.go:37.2,41.16 4 0
github.com/oucema001/ProxyScrapper/proxy/proxy.go:44.2,44.18 1 0
github.com/oucema001/ProxyScrapper/proxy/proxy.go:47.2,52.14 2 0
github.com/oucema001/ProxyScrapper/proxy/proxy.go:33.18,36.3 2 0
github.com/oucema001/ProxyScrapper/proxy/proxy.go:41.16,43.3 1 0
github.com/oucema001/ProxyScrapper/proxy/proxy.go:44.18,46.3 1 0
github.com/oucema001/ProxyScrapper/proxy/proxy.go:55.69,58.7 2 0
github.com/oucema001/ProxyScrapper/proxy/proxy.go:65.2,66.8 2 0
github.com/oucema001/ProxyScrapper/proxy/proxy.go:58.7,61.48 1 0
github.com/oucema001/ProxyScrapper/proxy/proxy.go:61.48,63.4 1 0
github.com/oucema001/ProxyScrapper/proxy/proxy.go:66.8,69.48 1 0
github.com/oucema001/ProxyScrapper/proxy/proxy.go:69.48,71.4 1 0
github.com/oucema001/ProxyScrapper/proxy/proxy.go:75.51,84.16 6 0
github.com/oucema001/ProxyScrapper/proxy/proxy.go:88.2,88.41 1 0
github.com/oucema001/ProxyScrapper/proxy/proxy.go:91.2,91.33 1 0
github.com/oucema001/ProxyScrapper/proxy/proxy.go:84.16,87.3 2 0
github.com/oucema001/ProxyScrapper/proxy/proxy.go:88.41,90.3 1 0
github.com/oucema001/ProxyScrapper/proxy/proxy.go:91.33,93.3 1 0
github.com/oucema001/ProxyScrapper/proxy/proxy.go:93.8,98.3 4 0
github.com/oucema001/ProxyScrapper/proxy/proxy.go:101.53,106.13 5 0
github.com/oucema001/ProxyScrapper/proxy/proxy.go:110.2,116.16 3 0
github.com/oucema001/ProxyScrapper/proxy/proxy.go:119.2,128.16 4 0
github.com/oucema001/ProxyScrapper/proxy/proxy.go:132.2,134.16 3 0
github.com/oucema001/ProxyScrapper/proxy/proxy.go:138.2,138.38 1 0
github.com/oucema001/ProxyScrapper/proxy/proxy.go:146.2,146.18 1 0
github.com/oucema001/ProxyScrapper/proxy/proxy.go:106.13,108.3 1 0
github.com/oucema001/ProxyScrapper/proxy/proxy.go:116.16,118.3 1 0
github.com/oucema001/ProxyScrapper/proxy/proxy.go:128.16,131.3 2 0
github.com/oucema001/ProxyScrapper/proxy/proxy.go:134.16,137.3 2 0
github.com/oucema001/ProxyScrapper/proxy/proxy.go:138.38,140.3 1 0
github.com/oucema001/ProxyScrapper/proxy/proxy.go:140.8,145.3 4 0
github.com/oucema001/ProxyScrapper/proxy/resolver.go:50.34,52.2 1 0
github.com/oucema001/ProxyScrapper/proxy/resolver.go:56.12,64.2 1 1
github.com/oucema001/ProxyScrapper/proxy/resolver.go:66.36,68.16 2 0
github.com/oucema001/ProxyScrapper/proxy/resolver.go:71.2,75.16 5 0
github.com/oucema001/ProxyScrapper/proxy/resolver.go:78.2,78.15 1 0
github.com/oucema001/ProxyScrapper/proxy/resolver.go:68.16,70.3 1 0
github.com/oucema001/ProxyScrapper/proxy/resolver.go:75.16,77.3 1 0
github.com/oucema001/ProxyScrapper/proxy/resolver.go:81.29,85.2 3 0
github.com/oucema001/ProxyScrapper/proxy/resolver.go:109.24,112.31 3 0
github.com/oucema001/ProxyScrapper/proxy/resolver.go:125.2,125.11 1 0
github.com/oucema001/ProxyScrapper/proxy/resolver.go:112.31,113.23 1 0
github.com/oucema001/ProxyScrapper/proxy/resolver.go:120.4,121.20 2 0
github.com/oucema001/ProxyScrapper/proxy/resolver.go:113.23,115.18 2 0
github.com/oucema001/ProxyScrapper/proxy/resolver.go:118.4,118.21 1 0
github.com/oucema001/ProxyScrapper/proxy/resolver.go:115.18,117.5 1 0
github.com/oucema001/ProxyScrapper/proxy/resolver.go:121.20,122.9 1 0
github.com/oucema001/ProxyScrapper/proxy/resolver.go:128.40,132.45 4 0
github.com/oucema001/ProxyScrapper/proxy/resolver.go:135.2,135.12 1 0
github.com/oucema001/ProxyScrapper/proxy/resolver.go:132.45,134.3 1 0
github.com/oucema001/ProxyScrapper/proxy/resolver.go:138.27,141.2 2 0
github.com/oucema001/ProxyScrapper/proxy/utils.go:25.37,28.16 3 0
github.com/oucema001/ProxyScrapper/proxy/utils.go:31.2,31.25 1 0
github.com/oucema001/ProxyScrapper/proxy/utils.go:28.16,30.3 1 0
github.com/oucema001/ProxyScrapper/proxy/utils.go:34.47,38.24 4 0
github.com/oucema001/ProxyScrapper/proxy/utils.go:47.2,48.16 2 0
github.com/oucema001/ProxyScrapper/proxy/utils.go:38.24,41.29 3 0
github.com/oucema001/ProxyScrapper/proxy/utils.go:44.3,45.33 2 0
github.com/oucema001/ProxyScrapper/proxy/utils.go:41.29,43.4 1 0
github.com/oucema001/ProxyScrapper/proxy/utils.go:48.16,50.3 1 0
github.com/oucema001/ProxyScrapper/proxy/utils.go:53.37,59.29 4 0
github.com/oucema001/ProxyScrapper/proxy/utils.go:59.29,64.18 4 0
github.com/oucema001/ProxyScrapper/proxy/utils.go:71.3,72.17 2 0
github.com/oucema001/ProxyScrapper/proxy/utils.go:76.3,79.17 3 0
github.com/oucema001/ProxyScrapper/proxy/utils.go:82.3,83.17 2 0
github.com/oucema001/ProxyScrapper/proxy/utils.go:86.3,87.7 2 0
github.com/oucema001/ProxyScrapper/proxy/utils.go:64.18,67.4 1 0
github.com/oucema001/ProxyScrapper/proxy/utils.go:67.9,69.4 1 0
github.com/oucema001/ProxyScrapper/proxy/utils.go:72.17,74.4 1 0
github.com/oucema001/ProxyScrapper/proxy/utils.go:79.17,81.4 1 0
github.com/oucema001/ProxyScrapper/proxy/utils.go:83.17,85.4 1 0
github.com/oucema001/ProxyScrapper/proxy/utils.go:87.7,90.21 2 0
github.com/oucema001/ProxyScrapper/proxy/utils.go:94.4,94.18 1 0
github.com/oucema001/ProxyScrapper/proxy/utils.go:97.4,97.81 1 0
github.com/oucema001/ProxyScrapper/proxy/utils.go:90.21,92.10 1 0
github.com/oucema001/ProxyScrapper/proxy/utils.go:94.18,96.5 1 0
github.com/oucema001/ProxyScrapper/proxy/utils.go:97.81,102.19 4 0
github.com/oucema001/ProxyScrapper/proxy/utils.go:105.5,106.19 2 0
github.com/oucema001/ProxyScrapper/proxy/utils.go:109.5,112.19 4 0
github.com/oucema001/ProxyScrapper/proxy/utils.go:102.19,104.6 1 0
github.com/oucema001/ProxyScrapper/proxy/utils.go:106.19,108.6 1 0
github.com/oucema001/ProxyScrapper/proxy/utils.go:112.19,114.6 1 0
github.com/oucema001/ProxyScrapper/proxy/utils.go:121.54,123.16 2 0
github.com/oucema001/ProxyScrapper/proxy/utils.go:126.2,128.16 3 0
github.com/oucema001/ProxyScrapper/proxy/utils.go:131.2,133.12 3 0
github.com/oucema001/ProxyScrapper/proxy/utils.go:123.16,125.3 1 0
github.com/oucema001/ProxyScrapper/proxy/utils.go:128.16,130.3 1 0
github.com/oucema001/ProxyScrapper/proxy/ProxyScrapper.go:34.35,42.2 4 1
github.com/oucema001/ProxyScrapper/proxy/ProxyScrapper.go:44.34,49.29 5 1
github.com/oucema001/ProxyScrapper/proxy/ProxyScrapper.go:55.2,59.27 3 1
github.com/oucema001/ProxyScrapper/proxy/ProxyScrapper.go:71.2,71.12 1 1
github.com/oucema001/ProxyScrapper/proxy/ProxyScrapper.go:49.29,50.27 1 1
github.com/oucema001/ProxyScrapper/proxy/ProxyScrapper.go:50.27,53.4 2 1
github.com/oucema001/ProxyScrapper/proxy/ProxyScrapper.go:59.27,64.53 4 1
github.com/oucema001/ProxyScrapper/proxy/ProxyScrapper.go:64.53,69.4 2 0
github.com/oucema001/ProxyScrapper/proxy/ProxyScrapper.go:77.27,95.2 8 0
github.com/oucema001/ProxyScrapper/proxy/ProxyScrapper.go:100.29,105.27 4 0
github.com/oucema001/ProxyScrapper/proxy/ProxyScrapper.go:109.2,109.27 1 0
github.com/oucema001/ProxyScrapper/proxy/ProxyScrapper.go:115.2,115.12 1 0
github.com/oucema001/ProxyScrapper/proxy/ProxyScrapper.go:105.27,108.3 2 0
github.com/oucema001/ProxyScrapper/proxy/ProxyScrapper.go:109.27,113.3 2 0
github.com/oucema001/ProxyScrapper/proxy/ProxyScrapper.go:118.28,125.67 7 1
github.com/oucema001/ProxyScrapper/proxy/ProxyScrapper.go:129.2,130.27 2 1
github.com/oucema001/ProxyScrapper/proxy/ProxyScrapper.go:140.2,140.12 1 1
github.com/oucema001/ProxyScrapper/proxy/ProxyScrapper.go:125.67,128.3 2 1
github.com/oucema001/ProxyScrapper/proxy/ProxyScrapper.go:130.27,132.73 2 1
github.com/oucema001/ProxyScrapper/proxy/ProxyScrapper.go:132.73,133.14 1 1
github.com/oucema001/ProxyScrapper/proxy/ProxyScrapper.go:136.4,137.24 2 1
github.com/oucema001/ProxyScrapper/proxy/ProxyScrapper.go:133.14,134.13 1 1
github.com/oucema001/ProxyScrapper/proxy/ProxyScrapper.go:144.34,200.2 11 1
github.com/oucema001/ProxyScrapper/proxy/ProxyScrapper.go:202.34,212.74 9 0
github.com/oucema001/ProxyScrapper/proxy/ProxyScrapper.go:215.2,215.30 1 0
github.com/oucema001/ProxyScrapper/proxy/ProxyScrapper.go:220.2,221.27 2 0
github.com/oucema001/ProxyScrapper/proxy/ProxyScrapper.go:231.2,231.12 1 0
github.com/oucema001/ProxyScrapper/proxy/ProxyScrapper.go:212.74,214.3 1 0
github.com/oucema001/ProxyScrapper/proxy/ProxyScrapper.go:215.30,219.3 3 0
github.com/oucema001/ProxyScrapper/proxy/ProxyScrapper.go:221.27,223.72 2 0
github.com/oucema001/ProxyScrapper/proxy/ProxyScrapper.go:223.72,224.14 1 0
github.com/oucema001/ProxyScrapper/proxy/ProxyScrapper.go:227.4,228.24 2 0
github.com/oucema001/ProxyScrapper/proxy/ProxyScrapper.go:224.14,225.13 1 0
github.com/oucema001/ProxyScrapper/proxy/ProxyScrapper.go:234.34,238.26 4 1
github.com/oucema001/ProxyScrapper/proxy/ProxyScrapper.go:243.2,243.27 1 1
github.com/oucema001/ProxyScrapper/proxy/ProxyScrapper.go:277.2,277.12 1 1
github.com/oucema001/ProxyScrapper/proxy/ProxyScrapper.go:238.26,241.3 2 1
github.com/oucema001/ProxyScrapper/proxy/ProxyScrapper.go:243.27,248.68 5 1
github.com/oucema001/ProxyScrapper/proxy/ProxyScrapper.go:252.3,254.68 3 1
github.com/oucema001/ProxyScrapper/proxy/ProxyScrapper.go:266.3,268.79 3 1
github.com/oucema001/ProxyScrapper/proxy/ProxyScrapper.go:248.68,251.4 1 1
github.com/oucema001/ProxyScrapper/proxy/ProxyScrapper.go:254.68,257.25 3 1
github.com/oucema001/ProxyScrapper/proxy/ProxyScrapper.go:263.4,264.29 2 1
github.com/oucema001/ProxyScrapper/proxy/ProxyScrapper.go:257.25,259.18 2 1
github.com/oucema001/ProxyScrapper/proxy/ProxyScrapper.go:259.18,261.6 1 1
github.com/oucema001/ProxyScrapper/proxy/ProxyScrapper.go:268.79,270.40 2 1
github.com/oucema001/ProxyScrapper/proxy/ProxyScrapper.go:270.40,274.5 2 1
github.com/oucema001/ProxyScrapper/proxy/ProxyScrapper.go:280.31,291.28 11 1
github.com/oucema001/ProxyScrapper/proxy/ProxyScrapper.go:299.2,299.62 1 1
github.com/oucema001/ProxyScrapper/proxy/ProxyScrapper.go:315.2,318.33 3 1
github.com/oucema001/ProxyScrapper/proxy/ProxyScrapper.go:326.2,326.12 1 1
github.com/oucema001/ProxyScrapper/proxy/ProxyScrapper.go:291.28,294.3 2 1
github.com/oucema001/ProxyScrapper/proxy/ProxyScrapper.go:299.62,303.24 4 1
github.com/oucema001/ProxyScrapper/proxy/ProxyScrapper.go:311.3,312.19 2 1
github.com/oucema001/ProxyScrapper/proxy/ProxyScrapper.go:303.24,305.17 1 1
github.com/oucema001/ProxyScrapper/proxy/ProxyScrapper.go:305.17,308.5 2 1
github.com/oucema001/ProxyScrapper/proxy/ProxyScrapper.go:318.33,320.17 2 1
github.com/oucema001/ProxyScrapper/proxy/ProxyScrapper.go:323.3,324.27 2 1
github.com/oucema001/ProxyScrapper/proxy/ProxyScrapper.go:320.17,322.4 1 0
github.com/oucema001/ProxyScrapper/proxy/ProxyScrapper.go:335.39,338.2 2 1
github.com/oucema001/ProxyScrapper/proxy/ProxyScrapper.go:340.36,347.28 6 1
github.com/oucema001/ProxyScrapper/proxy/ProxyScrapper.go:355.2,355.12 1 1
github.com/oucema001/ProxyScrapper/proxy/ProxyScrapper.go:347.28,349.17 2 0
github.com/oucema001/ProxyScrapper/proxy/ProxyScrapper.go:352.3,353.27 2 0
github.com/oucema001/ProxyScrapper/proxy/ProxyScrapper.go:349.17,351.4 1 0
github.com/oucema001/ProxyScrapper/proxy/ProxyScrapper.go:358.39,366.28 8 1
github.com/oucema001/ProxyScrapper/proxy/ProxyScrapper.go:378.2,380.30 3 1
github.com/oucema001/ProxyScrapper/proxy/ProxyScrapper.go:385.2,385.28 1 1
github.com/oucema001/ProxyScrapper/proxy/ProxyScrapper.go:395.2,395.12 1 1
github.com/oucema001/ProxyScrapper/proxy/ProxyScrapper.go:366.28,373.28 6 1
github.com/oucema001/ProxyScrapper/proxy/ProxyScrapper.go:373.28,376.4 2 0
github.com/oucema001/ProxyScrapper/proxy/ProxyScrapper.go:380.30,384.3 3 0
github.com/oucema001/ProxyScrapper/proxy/ProxyScrapper.go:385.28,389.17 2 0
github.com/oucema001/ProxyScrapper/proxy/ProxyScrapper.go:392.3,393.27 2 0
github.com/oucema001/ProxyScrapper/proxy/ProxyScrapper.go:389.17,391.4 1 0
github.com/oucema001/ProxyScrapper/proxy/ProxyScrapper.go:398.36,401.25 3 1
github.com/oucema001/ProxyScrapper/proxy/ProxyScrapper.go:405.2,406.12 2 1
github.com/oucema001/ProxyScrapper/proxy/ProxyScrapper.go:401.25,403.3 1 1
github.com/oucema001/ProxyScrapper/proxy/ProxyScrapper.go:409.36,416.44 6 1
github.com/oucema001/ProxyScrapper/proxy/ProxyScrapper.go:424.2,426.27 3 1
github.com/oucema001/ProxyScrapper/proxy/ProxyScrapper.go:430.2,433.33 4 1
github.com/oucema001/ProxyScrapper/proxy/ProxyScrapper.go:437.2,437.13 1 1
github.com/oucema001/ProxyScrapper/proxy/ProxyScrapper.go:416.44,419.17 3 1
github.com/oucema001/ProxyScrapper/proxy/ProxyScrapper.go:422.3,422.31 1 1
github.com/oucema001/ProxyScrapper/proxy/ProxyScrapper.go:419.17,421.4 1 0
github.com/oucema001/ProxyScrapper/proxy/ProxyScrapper.go:426.27,429.3 2 1
github.com/oucema001/ProxyScrapper/proxy/ProxyScrapper.go:433.33,436.3 2 1
github.com/oucema001/ProxyScrapper/proxy/ProxyScrapper.go:441.32,448.44 6 1
github.com/oucema001/ProxyScrapper/proxy/ProxyScrapper.go:452.2,453.12 2 1
github.com/oucema001/ProxyScrapper/proxy/ProxyScrapper.go:448.44,451.3 1 0
github.com/oucema001/ProxyScrapper/proxy/ProxyScrapper.go:456.35,478.27 5 1
github.com/oucema001/ProxyScrapper/proxy/ProxyScrapper.go:485.2,485.32 1 1
github.com/oucema001/ProxyScrapper/proxy/ProxyScrapper.go:488.2,488.12 1 1
github.com/oucema001/ProxyScrapper/proxy/ProxyScrapper.go:478.27,484.3 4 1
github.com/oucema001/ProxyScrapper/proxy/ProxyScrapper.go:485.32,487.3 1 1
github.com/oucema001/ProxyScrapper/proxy/ProxyScrapper.go:492.33,498.44 6 0
github.com/oucema001/ProxyScrapper/proxy/ProxyScrapper.go:501.2,503.25 3 0
github.com/oucema001/ProxyScrapper/proxy/ProxyScrapper.go:516.2,516.12 1 0
github.com/oucema001/ProxyScrapper/proxy/ProxyScrapper.go:498.44,500.3 1 0
github.com/oucema001/ProxyScrapper/proxy/ProxyScrapper.go:503.25,506.17 3 0
github.com/oucema001/ProxyScrapper/proxy/ProxyScrapper.go:509.3,511.23 3 0
github.com/oucema001/ProxyScrapper/proxy/ProxyScrapper.go:506.17,508.4 1 0
github.com/oucema001/ProxyScrapper/proxy/ProxyScrapper.go:511.23,513.4 1 0
github.com/oucema001/ProxyScrapper/proxy/ProxyScrapper.go:519.33,528.33 6 1
github.com/oucema001/ProxyScrapper/proxy/ProxyScrapper.go:534.2,534.32 1 1
github.com/oucema001/ProxyScrapper/proxy/ProxyScrapper.go:540.2,540.12 1 1
github.com/oucema001/ProxyScrapper/proxy/ProxyScrapper.go:528.33,533.3 4 1
github.com/oucema001/ProxyScrapper/proxy/ProxyScrapper.go:534.32,539.3 4 1
github.com/oucema001/ProxyScrapper/proxy/ProxyScrapper.go:543.34,548.44 5 1
github.com/oucema001/ProxyScrapper/proxy/ProxyScrapper.go:553.2,554.27 2 1
github.com/oucema001/ProxyScrapper/proxy/ProxyScrapper.go:564.2,564.32 1 1
github.com/oucema001/ProxyScrapper/proxy/ProxyScrapper.go:567.2,567.12 1 1
github.com/oucema001/ProxyScrapper/proxy/ProxyScrapper.go:548.44,551.3 2 1
github.com/oucema001/ProxyScrapper/proxy/ProxyScrapper.go:554.27,559.17 3 1
github.com/oucema001/ProxyScrapper/proxy/ProxyScrapper.go:559.17,561.4 1 0
github.com/oucema001/ProxyScrapper/proxy/ProxyScrapper.go:564.32,566.3 1 1
github.com/oucema001/ProxyScrapper/proxy/ProxyScrapper.go:570.36,576.44 5 1
github.com/oucema001/ProxyScrapper/proxy/ProxyScrapper.go:580.2,582.27 3 1
github.com/oucema001/ProxyScrapper/proxy/ProxyScrapper.go:587.2,587.32 1 1
github.com/oucema001/ProxyScrapper/proxy/ProxyScrapper.go:592.2,592.12 1 1
github.com/oucema001/ProxyScrapper/proxy/ProxyScrapper.go:576.44,579.3 2 1
github.com/oucema001/ProxyScrapper/proxy/ProxyScrapper.go:582.27,586.3 3 1
github.com/oucema001/ProxyScrapper/proxy/ProxyScrapper.go:587.32,590.3 1 1
github.com/oucema001/ProxyScrapper/proxy/ProxyScrapper.go:595.31,603.27 6 1
github.com/oucema001/ProxyScrapper/proxy/ProxyScrapper.go:608.2,608.34 1 1
github.com/oucema001/ProxyScrapper/proxy/ProxyScrapper.go:616.2,616.12 1 1
github.com/oucema001/ProxyScrapper/proxy/ProxyScrapper.go:603.27,607.3 3 1
github.com/oucema001/ProxyScrapper/proxy/ProxyScrapper.go:608.34,615.3 6 1
github.com/oucema001/ProxyScrapper/proxy/ProxyScrapper.go:622.37,635.52 9 1
github.com/oucema001/ProxyScrapper/proxy/ProxyScrapper.go:640.2,640.28 1 1
github.com/oucema001/ProxyScrapper/proxy/ProxyScrapper.go:647.2,647.12 1 1
github.com/oucema001/ProxyScrapper/proxy/ProxyScrapper.go:635.52,638.3 1 1
github.com/oucema001/ProxyScrapper/proxy/ProxyScrapper.go:640.28,646.3 4 1
github.com/oucema001/ProxyScrapper/proxy/ProxyScrapper.go:650.65,653.42 3 1
github.com/oucema001/ProxyScrapper/proxy/ProxyScrapper.go:662.2,662.16 1 1
github.com/oucema001/ProxyScrapper/proxy/ProxyScrapper.go:653.42,657.17 3 1
github.com/oucema001/ProxyScrapper/proxy/ProxyScrapper.go:660.3,660.42 1 1
github.com/oucema001/ProxyScrapper/proxy/ProxyScrapper.go:657.17,659.4 1 0
github.com/oucema001/ProxyScrapper/proxy/ProxyScrapper.go:665.54,668.27 3 1
github.com/oucema001/ProxyScrapper/proxy/ProxyScrapper.go:675.2,675.12 1 1
github.com/oucema001/ProxyScrapper/proxy/ProxyScrapper.go:668.27,674.3 3 1
github.com/oucema001/ProxyScrapper/proxy/ProxyScrapper.go:678.53,681.51 3 1
github.com/oucema001/ProxyScrapper/proxy/ProxyScrapper.go:689.2,689.16 1 1
github.com/oucema001/ProxyScrapper/proxy/ProxyScrapper.go:681.51,682.38 1 1
github.com/oucema001/ProxyScrapper/proxy/ProxyScrapper.go:682.38,685.4 2 1
github.com/oucema001/ProxyScrapper/proxy/ProxyScrapper.go:685.9,687.4 1 1
github.com/oucema001/ProxyScrapper/proxy/ProxyScrapper.go:693.29,696.16 3 1
github.com/oucema001/ProxyScrapper/proxy/ProxyScrapper.go:699.2,699.13 1 1
github.com/oucema001/ProxyScrapper/proxy/ProxyScrapper.go:696.16,698.3 1 1
github.com/oucema001/ProxyScrapper/proxy/ProxyScrapper.go:703.63,705.16 2 1
github.com/oucema001/ProxyScrapper/proxy/ProxyScrapper.go:709.2,720.46 9 1
github.com/oucema001/ProxyScrapper/proxy/ProxyScrapper.go:723.2,728.13 4 1
github.com/oucema001/ProxyScrapper/proxy/ProxyScrapper.go:705.16,707.3 1 0
github.com/oucema001/ProxyScrapper/proxy/ProxyScrapper.go:720.46,721.24 1 0
github.com/oucema001/ProxyScrapper/proxy/ProxyScrapper.go:731.37,732.20 1 1
github.com/oucema001/ProxyScrapper/proxy/ProxyScrapper.go:736.2,738.30 3 1
github.com/oucema001/ProxyScrapper/proxy/ProxyScrapper.go:746.2,746.17 1 1
github.com/oucema001/ProxyScrapper/proxy/ProxyScrapper.go:732.20,735.3 2 1
github.com/oucema001/ProxyScrapper/proxy/ProxyScrapper.go:738.30,739.18 1 1
github.com/oucema001/ProxyScrapper/proxy/ProxyScrapper.go:742.3,742.18 1 1
github.com/oucema001/ProxyScrapper/proxy/ProxyScrapper.go:739.18,741.4 1 1
github.com/oucema001/ProxyScrapper/proxy/ProxyScrapper.go:742.18,744.4 1 0
github.com/oucema001/ProxyScrapper/proxy/ProxyScrapper.go:749.43,752.26 3 1
github.com/oucema001/ProxyScrapper/proxy/ProxyScrapper.go:759.2,759.12 1 1
github.com/oucema001/ProxyScrapper/proxy/ProxyScrapper.go:752.26,754.17 2 0
github.com/oucema001/ProxyScrapper/proxy/ProxyScrapper.go:757.3,757.27 1 0
github.com/oucema001/ProxyScrapper/proxy/ProxyScrapper.go:754.17,756.4 1 0
github.com/oucema001/ProxyScrapper/proxy/ProxyScrapper.go:764.38,924.2 2 1
github.com/oucema001/ProxyScrapper/proxy/ProxyScrapper.go:926.48,931.55 5 1
github.com/oucema001/ProxyScrapper/proxy/ProxyScrapper.go:937.2,937.16 1 1
github.com/oucema001/ProxyScrapper/proxy/ProxyScrapper.go:931.55,936.3 2 1
github.com/oucema001/ProxyScrapper/proxy/ProxyScrapper.go:941.54,943.23 2 1
github.com/oucema001/ProxyScrapper/proxy/ProxyScrapper.go:948.2,948.12 1 1
github.com/oucema001/ProxyScrapper/proxy/ProxyScrapper.go:943.23,945.3 1 1
github.com/oucema001/ProxyScrapper/proxy/ProxyScrapper.go:945.7,947.3 1 1
github.com/oucema001/ProxyScrapper/proxy/api.go:8.36,14.30 6 0
github.com/oucema001/ProxyScrapper/proxy/api.go:19.2,19.32 1 0
github.com/oucema001/ProxyScrapper/proxy/api.go:36.2,36.12 1 0
github.com/oucema001/ProxyScrapper/proxy/api.go:14.30,15.13 1 0
github.com/oucema001/ProxyScrapper/proxy/api.go:15.13,17.4 1 0
github.com/oucema001/ProxyScrapper/proxy/api.go:19.32,22.23 3 0
github.com/oucema001/ProxyScrapper/proxy/api.go:22.23,24.17 2 0
github.com/oucema001/ProxyScrapper/proxy/api.go:27.4,30.25 3 0
github.com/oucema001/ProxyScrapper/proxy/api.go:24.17,25.10 1 0
github.com/oucema001/ProxyScrapper/proxy/api.go:30.25,32.5 1 0
github.com/oucema001/ProxyScrapper/proxy/api.go:40.82,49.30 8 0
github.com/oucema001/ProxyScrapper/proxy/api.go:55.2,56.12 2 0
github.com/oucema001/ProxyScrapper/proxy/api.go:49.30,50.13 1 0
github.com/oucema001/ProxyScrapper/proxy/api.go:50.13,52.4 1 0
github.com/oucema001/ProxyScrapper/proxy/api.go:59.117,62.38 3 0
github.com/oucema001/ProxyScrapper/proxy/api.go:98.2,98.12 1 0
github.com/oucema001/ProxyScrapper/proxy/api.go:62.38,65.25 3 0
github.com/oucema001/ProxyScrapper/proxy/api.go:65.25,67.17 2 0
github.com/oucema001/ProxyScrapper/proxy/api.go:70.4,70.14 1 0
github.com/oucema001/ProxyScrapper/proxy/api.go:92.4,92.25 1 0
github.com/oucema001/ProxyScrapper/proxy/api.go:67.17,68.10 1 0
github.com/oucema001/ProxyScrapper/proxy/api.go:70.14,74.59 3 0
github.com/oucema001/ProxyScrapper/proxy/api.go:78.5,78.49 1 0
github.com/oucema001/ProxyScrapper/proxy/api.go:86.5,86.26 1 0
github.com/oucema001/ProxyScrapper/proxy/api.go:74.59,76.6 1 0
github.com/oucema001/ProxyScrapper/proxy/api.go:78.49,80.6 1 0
github.com/oucema001/ProxyScrapper/proxy/api.go:86.26,90.6 2 0
github.com/oucema001/ProxyScrapper/proxy/api.go:92.25,94.5 1 0
github.com/oucema001/ProxyScrapper/proxy/api.go:101.54,102.32 1 0
github.com/oucema001/ProxyScrapper/proxy/api.go:109.2,109.14 1 0
github.com/oucema001/ProxyScrapper/proxy/api.go:102.32,103.27 1 0
github.com/oucema001/ProxyScrapper/proxy/api.go:103.27,104.14 1 0
github.com/oucema001/ProxyScrapper/proxy/api.go:104.14,106.5 1 0
github.com/oucema001/ProxyScrapper/proxy/api.go:113.58,114.30 1 0
github.com/oucema001/ProxyScrapper/proxy/api.go:119.2,119.14 1 0
github.com/oucema001/ProxyScrapper/proxy/api.go:114.30,115.42 1 0
github.com/oucema001/ProxyScrapper/proxy/api.go:115.42,117.5 1 0
